time="2023-04-12T12:09:39+03:00" level=trace msg="{RunAddress::3333}" func="main.main()" file="main.go:18"
time="2023-04-12T12:09:39+03:00" level=fatal msg="open : no such file or directory" func="github.com/nickzhog/userapi/internal/server/service/user/storage/filestorage.NewFileStorage()" file="filestorage.go:28"
time="2023-04-12T12:12:41+03:00" level=trace msg="{RunAddress::3333}" func="main.main()" file="main.go:18"
time="2023-04-12T12:12:41+03:00" level=fatal msg="open : no such file or directory" func="github.com/nickzhog/userapi/internal/server/service/user/storage/filestorage.NewFileStorage()" file="filestorage.go:28"
time="2023-04-12T12:14:21+03:00" level=trace msg="{RunAddress::3333}" func="main.main()" file="main.go:18"
time="2023-04-12T12:14:21+03:00" level=trace msg="server started" func="github.com/nickzhog/userapi/internal/server/web.Serve()" file="server.go:52"
time="2023-04-12T12:14:40+03:00" level=trace msg="system call:interrupt" func="main.main.func1()" file="main.go:27"
time="2023-04-12T12:14:40+03:00" level=trace msg="server stopped" func="github.com/nickzhog/userapi/internal/server/web.Serve()" file="server.go:56"
time="2023-04-12T12:14:40+03:00" level=trace msg="server exited properly" func="github.com/nickzhog/userapi/internal/server/web.Serve()" file="server.go:67"
time="2023-04-12T12:14:42+03:00" level=trace msg="{Stores:{UserStoreFile:users.json} Settings:{RunAddress::3333}}" func="main.main()" file="main.go:18"
time="2023-04-12T12:14:42+03:00" level=trace msg="server started" func="github.com/nickzhog/userapi/internal/server/web.Serve()" file="server.go:52"
time="2023-04-12T12:23:47+03:00" level=trace msg="system call:interrupt" func="main.main.func1()" file="main.go:27"
time="2023-04-12T12:23:47+03:00" level=trace msg="server stopped" func="github.com/nickzhog/userapi/internal/server/web.Serve()" file="server.go:56"
time="2023-04-12T12:23:47+03:00" level=trace msg="server exited properly" func="github.com/nickzhog/userapi/internal/server/web.Serve()" file="server.go:67"
time="2023-04-12T12:23:52+03:00" level=trace msg="{Stores:{UserStoreFile:users.json} Settings:{RunAddress::3333}}" func="main.main()" file="main.go:18"
time="2023-04-12T12:23:52+03:00" level=trace msg="server started" func="github.com/nickzhog/userapi/internal/server/web.Serve()" file="server.go:52"
time="2023-04-12T12:24:24+03:00" level=trace msg="system call:interrupt" func="main.main.func1()" file="main.go:27"
time="2023-04-12T12:24:24+03:00" level=trace msg="server stopped" func="github.com/nickzhog/userapi/internal/server/web.Serve()" file="server.go:56"
time="2023-04-12T12:24:24+03:00" level=trace msg="server exited properly" func="github.com/nickzhog/userapi/internal/server/web.Serve()" file="server.go:67"
time="2023-04-12T12:26:11+03:00" level=trace msg="{Stores:{UserStoreFile:users.json} Settings:{RunAddress::3333}}" func="main.main()" file="main.go:18"
time="2023-04-12T12:26:11+03:00" level=trace msg="server started" func="github.com/nickzhog/userapi/internal/server/web.Serve()" file="server.go:52"
time="2023-04-12T12:27:52+03:00" level=trace msg="system call:interrupt" func="main.main.func1()" file="main.go:27"
time="2023-04-12T12:27:52+03:00" level=trace msg="server stopped" func="github.com/nickzhog/userapi/internal/server/web.Serve()" file="server.go:56"
time="2023-04-12T12:27:52+03:00" level=trace msg="server exited properly" func="github.com/nickzhog/userapi/internal/server/web.Serve()" file="server.go:67"
time="2023-04-12T12:27:55+03:00" level=trace msg="{Stores:{UserStoreFile:users.json} Settings:{RunAddress::3333}}" func="main.main()" file="main.go:18"
time="2023-04-12T12:27:55+03:00" level=trace msg="server started" func="github.com/nickzhog/userapi/internal/server/web.Serve()" file="server.go:52"
time="2023-04-12T12:28:00+03:00" level=trace msg="system call:interrupt" func="main.main.func1()" file="main.go:27"
time="2023-04-12T12:28:00+03:00" level=trace msg="server stopped" func="github.com/nickzhog/userapi/internal/server/web.Serve()" file="server.go:56"
time="2023-04-12T12:28:00+03:00" level=trace msg="server exited properly" func="github.com/nickzhog/userapi/internal/server/web.Serve()" file="server.go:67"
time="2023-04-12T12:28:23+03:00" level=trace msg="{Stores:{UserStoreFile:users.json} Settings:{RunAddress::3333}}" func="main.main()" file="main.go:18"
time="2023-04-12T12:28:23+03:00" level=trace msg="server started" func="github.com/nickzhog/userapi/internal/server/web.Serve()" file="server.go:52"
time="2023-04-12T12:28:27+03:00" level=trace msg="system call:interrupt" func="main.main.func1()" file="main.go:27"
time="2023-04-12T12:28:27+03:00" level=trace msg="server stopped" func="github.com/nickzhog/userapi/internal/server/web.Serve()" file="server.go:56"
time="2023-04-12T12:28:27+03:00" level=trace msg="server exited properly" func="github.com/nickzhog/userapi/internal/server/web.Serve()" file="server.go:67"
time="2023-04-12T12:28:29+03:00" level=trace msg="{Stores:{UserStoreFile:users.json} Settings:{RunAddress::3333}}" func="main.main()" file="main.go:18"
time="2023-04-12T12:28:29+03:00" level=trace msg="server started" func="github.com/nickzhog/userapi/internal/server/web.Serve()" file="server.go:52"
time="2023-04-12T12:28:47+03:00" level=trace msg="system call:interrupt" func="main.main.func1()" file="main.go:27"
time="2023-04-12T12:28:47+03:00" level=trace msg="server stopped" func="github.com/nickzhog/userapi/internal/server/web.Serve()" file="server.go:56"
time="2023-04-12T12:28:47+03:00" level=trace msg="server exited properly" func="github.com/nickzhog/userapi/internal/server/web.Serve()" file="server.go:67"
time="2023-04-12T12:28:50+03:00" level=trace msg="{Stores:{UserStoreFile:users.json} Settings:{RunAddress::3333}}" func="main.main()" file="main.go:18"
time="2023-04-12T12:28:50+03:00" level=trace msg="server started" func="github.com/nickzhog/userapi/internal/server/web.Serve()" file="server.go:52"
time="2023-04-12T12:32:59+03:00" level=trace msg="system call:interrupt" func="main.main.func1()" file="main.go:27"
time="2023-04-12T12:32:59+03:00" level=trace msg="server stopped" func="github.com/nickzhog/userapi/internal/server/web.Serve()" file="server.go:56"
time="2023-04-12T12:32:59+03:00" level=trace msg="server exited properly" func="github.com/nickzhog/userapi/internal/server/web.Serve()" file="server.go:67"
